2022-10-21 15:29:07.801  INFO 16224 --- [main] c.b.b.c.BookControllerIntegrationTest    : Starting BookControllerIntegrationTest using Java 17 on DESKTOP-OG4RUAL with PID 16224 (started by Kev in C:\_development\BizzyBooky)
2022-10-21 15:29:07.806  INFO 16224 --- [main] c.b.b.c.BookControllerIntegrationTest    : No active profile set, falling back to 1 default profile: "default"
2022-10-21 15:29:12.239  INFO 16224 --- [main] o.s.b.w.embedded.tomcat.TomcatWebServer  : Tomcat initialized with port(s): 0 (http)
2022-10-21 15:29:12.274  INFO 16224 --- [main] o.apache.catalina.core.StandardService   : Starting service [Tomcat]
2022-10-21 15:29:12.279  INFO 16224 --- [main] org.apache.catalina.core.StandardEngine  : Starting Servlet engine: [Apache Tomcat/9.0.68]
2022-10-21 15:29:12.627  INFO 16224 --- [main] o.a.c.c.C.[Tomcat].[localhost].[/]       : Initializing Spring embedded WebApplicationContext
2022-10-21 15:29:12.628  INFO 16224 --- [main] w.s.c.ServletWebServerApplicationContext : Root WebApplicationContext: initialization completed in 3871 ms
2022-10-21 15:29:15.249  INFO 16224 --- [main] o.s.b.w.embedded.tomcat.TomcatWebServer  : Tomcat started on port(s): 60087 (http) with context path ''
2022-10-21 15:29:15.279  INFO 16224 --- [main] c.b.b.c.BookControllerIntegrationTest    : Started BookControllerIntegrationTest in 8.63 seconds (JVM running for 11.784)
2022-10-21 15:32:06.060  INFO 6868 --- [main] c.b.b.c.BookControllerIntegrationTest    : Starting BookControllerIntegrationTest using Java 17 on DESKTOP-OG4RUAL with PID 6868 (started by Kev in C:\_development\BizzyBooky)
2022-10-21 15:32:06.064  INFO 6868 --- [main] c.b.b.c.BookControllerIntegrationTest    : No active profile set, falling back to 1 default profile: "default"
2022-10-21 15:32:09.749  INFO 6868 --- [main] o.s.b.w.embedded.tomcat.TomcatWebServer  : Tomcat initialized with port(s): 0 (http)
2022-10-21 15:32:09.789  INFO 6868 --- [main] o.apache.catalina.core.StandardService   : Starting service [Tomcat]
2022-10-21 15:32:09.790  INFO 6868 --- [main] org.apache.catalina.core.StandardEngine  : Starting Servlet engine: [Apache Tomcat/9.0.68]
2022-10-21 15:32:10.142  INFO 6868 --- [main] o.a.c.c.C.[Tomcat].[localhost].[/]       : Initializing Spring embedded WebApplicationContext
2022-10-21 15:32:10.143  INFO 6868 --- [main] w.s.c.ServletWebServerApplicationContext : Root WebApplicationContext: initialization completed in 3266 ms
2022-10-21 15:32:12.678  INFO 6868 --- [main] o.s.b.w.embedded.tomcat.TomcatWebServer  : Tomcat started on port(s): 60118 (http) with context path ''
2022-10-21 15:32:12.711  INFO 6868 --- [main] c.b.b.c.BookControllerIntegrationTest    : Started BookControllerIntegrationTest in 7.656 seconds (JVM running for 11.188)
2022-10-21 15:32:16.909  INFO 6868 --- [http-nio-auto-1-exec-2] o.a.c.c.C.[Tomcat].[localhost].[/]       : Initializing Spring DispatcherServlet 'dispatcherServlet'
2022-10-21 15:32:16.913  INFO 6868 --- [http-nio-auto-1-exec-2] o.s.web.servlet.DispatcherServlet        : Initializing Servlet 'dispatcherServlet'
2022-10-21 15:32:16.917  INFO 6868 --- [http-nio-auto-1-exec-2] o.s.web.servlet.DispatcherServlet        : Completed initialization in 3 ms
2022-10-21 15:32:43.460  INFO 4892 --- [main] c.b.b.c.BookControllerIntegrationTest    : Starting BookControllerIntegrationTest using Java 17 on DESKTOP-OG4RUAL with PID 4892 (started by Kev in C:\_development\BizzyBooky)
2022-10-21 15:32:43.465  INFO 4892 --- [main] c.b.b.c.BookControllerIntegrationTest    : No active profile set, falling back to 1 default profile: "default"
2022-10-21 15:32:47.443  INFO 4892 --- [main] o.s.b.w.embedded.tomcat.TomcatWebServer  : Tomcat initialized with port(s): 0 (http)
2022-10-21 15:32:47.490  INFO 4892 --- [main] o.apache.catalina.core.StandardService   : Starting service [Tomcat]
2022-10-21 15:32:47.491  INFO 4892 --- [main] org.apache.catalina.core.StandardEngine  : Starting Servlet engine: [Apache Tomcat/9.0.68]
2022-10-21 15:32:47.837  INFO 4892 --- [main] o.a.c.c.C.[Tomcat].[localhost].[/]       : Initializing Spring embedded WebApplicationContext
2022-10-21 15:32:47.838  INFO 4892 --- [main] w.s.c.ServletWebServerApplicationContext : Root WebApplicationContext: initialization completed in 3604 ms
2022-10-21 15:32:50.263  INFO 4892 --- [main] o.s.b.w.embedded.tomcat.TomcatWebServer  : Tomcat started on port(s): 60130 (http) with context path ''
2022-10-21 15:32:50.309  INFO 4892 --- [main] c.b.b.c.BookControllerIntegrationTest    : Started BookControllerIntegrationTest in 8.079 seconds (JVM running for 11.241)
2022-10-21 15:32:54.450  INFO 4892 --- [http-nio-auto-1-exec-1] o.a.c.c.C.[Tomcat].[localhost].[/]       : Initializing Spring DispatcherServlet 'dispatcherServlet'
2022-10-21 15:32:54.451  INFO 4892 --- [http-nio-auto-1-exec-1] o.s.web.servlet.DispatcherServlet        : Initializing Servlet 'dispatcherServlet'
2022-10-21 15:32:54.453  INFO 4892 --- [http-nio-auto-1-exec-1] o.s.web.servlet.DispatcherServlet        : Completed initialization in 2 ms
2022-10-21 15:52:48.784  INFO 10824 --- [main] c.b.b.c.BookControllerIntegrationTest    : Starting BookControllerIntegrationTest using Java 17 on DESKTOP-OG4RUAL with PID 10824 (started by Kev in C:\_development\BizzyBooky)
2022-10-21 15:52:48.789  INFO 10824 --- [main] c.b.b.c.BookControllerIntegrationTest    : No active profile set, falling back to 1 default profile: "default"
2022-10-21 15:52:51.987  INFO 10824 --- [main] o.s.b.w.embedded.tomcat.TomcatWebServer  : Tomcat initialized with port(s): 0 (http)
2022-10-21 15:52:52.010  INFO 10824 --- [main] o.apache.catalina.core.StandardService   : Starting service [Tomcat]
2022-10-21 15:52:52.011  INFO 10824 --- [main] org.apache.catalina.core.StandardEngine  : Starting Servlet engine: [Apache Tomcat/9.0.68]
2022-10-21 15:52:52.354  INFO 10824 --- [main] o.a.c.c.C.[Tomcat].[localhost].[/]       : Initializing Spring embedded WebApplicationContext
2022-10-21 15:52:52.356  INFO 10824 --- [main] w.s.c.ServletWebServerApplicationContext : Root WebApplicationContext: initialization completed in 2988 ms
2022-10-21 15:52:54.547  INFO 10824 --- [main] o.s.b.w.embedded.tomcat.TomcatWebServer  : Tomcat started on port(s): 61442 (http) with context path ''
2022-10-21 15:52:54.571  INFO 10824 --- [main] c.b.b.c.BookControllerIntegrationTest    : Started BookControllerIntegrationTest in 6.868 seconds (JVM running for 9.986)
2022-10-21 15:52:59.015  INFO 10824 --- [http-nio-auto-1-exec-1] o.a.c.c.C.[Tomcat].[localhost].[/]       : Initializing Spring DispatcherServlet 'dispatcherServlet'
2022-10-21 15:52:59.017  INFO 10824 --- [http-nio-auto-1-exec-1] o.s.web.servlet.DispatcherServlet        : Initializing Servlet 'dispatcherServlet'
2022-10-21 15:52:59.019  INFO 10824 --- [http-nio-auto-1-exec-1] o.s.web.servlet.DispatcherServlet        : Completed initialization in 2 ms
2022-10-21 15:53:09.536  INFO 10044 --- [main] c.b.bizzybooky.BizzyBookyApplication     : Starting BizzyBookyApplication using Java 17 on DESKTOP-OG4RUAL with PID 10044 (C:\_development\BizzyBooky\target\classes started by Kev in C:\_development\BizzyBooky)
2022-10-21 15:53:09.542  INFO 10044 --- [main] c.b.bizzybooky.BizzyBookyApplication     : No active profile set, falling back to 1 default profile: "default"
2022-10-21 15:53:11.172  INFO 10044 --- [main] o.s.b.w.embedded.tomcat.TomcatWebServer  : Tomcat initialized with port(s): 8080 (http)
2022-10-21 15:53:11.190  INFO 10044 --- [main] o.apache.catalina.core.StandardService   : Starting service [Tomcat]
2022-10-21 15:53:11.191  INFO 10044 --- [main] org.apache.catalina.core.StandardEngine  : Starting Servlet engine: [Apache Tomcat/9.0.68]
2022-10-21 15:53:11.373  INFO 10044 --- [main] o.a.c.c.C.[Tomcat].[localhost].[/]       : Initializing Spring embedded WebApplicationContext
2022-10-21 15:53:11.375  INFO 10044 --- [main] w.s.c.ServletWebServerApplicationContext : Root WebApplicationContext: initialization completed in 1725 ms
2022-10-21 15:53:12.104  INFO 10044 --- [main] o.s.b.w.embedded.tomcat.TomcatWebServer  : Tomcat started on port(s): 8080 (http) with context path ''
2022-10-21 15:53:12.125  INFO 10044 --- [main] c.b.bizzybooky.BizzyBookyApplication     : Started BizzyBookyApplication in 3.486 seconds (JVM running for 5.087)
2022-10-21 15:53:21.573  INFO 10044 --- [http-nio-8080-exec-2] o.a.c.c.C.[Tomcat].[localhost].[/]       : Initializing Spring DispatcherServlet 'dispatcherServlet'
2022-10-21 15:53:21.574  INFO 10044 --- [http-nio-8080-exec-2] o.s.web.servlet.DispatcherServlet        : Initializing Servlet 'dispatcherServlet'
2022-10-21 15:53:21.575  INFO 10044 --- [http-nio-8080-exec-2] o.s.web.servlet.DispatcherServlet        : Completed initialization in 1 ms
2022-10-21 15:53:49.477  INFO 4572 --- [main] c.b.bizzybooky.BizzyBookyApplication     : Starting BizzyBookyApplication using Java 17 on DESKTOP-OG4RUAL with PID 4572 (C:\_development\BizzyBooky\target\classes started by Kev in C:\_development\BizzyBooky)
2022-10-21 15:53:49.483  INFO 4572 --- [main] c.b.bizzybooky.BizzyBookyApplication     : No active profile set, falling back to 1 default profile: "default"
2022-10-21 15:53:50.899  INFO 4572 --- [main] o.s.b.w.embedded.tomcat.TomcatWebServer  : Tomcat initialized with port(s): 8080 (http)
2022-10-21 15:53:50.912  INFO 4572 --- [main] o.apache.catalina.core.StandardService   : Starting service [Tomcat]
2022-10-21 15:53:50.913  INFO 4572 --- [main] org.apache.catalina.core.StandardEngine  : Starting Servlet engine: [Apache Tomcat/9.0.68]
2022-10-21 15:53:51.054  INFO 4572 --- [main] o.a.c.c.C.[Tomcat].[localhost].[/]       : Initializing Spring embedded WebApplicationContext
2022-10-21 15:53:51.055  INFO 4572 --- [main] w.s.c.ServletWebServerApplicationContext : Root WebApplicationContext: initialization completed in 1484 ms
2022-10-21 15:53:51.586  INFO 4572 --- [main] o.s.b.w.embedded.tomcat.TomcatWebServer  : Tomcat started on port(s): 8080 (http) with context path ''
2022-10-21 15:53:51.608  INFO 4572 --- [main] c.b.bizzybooky.BizzyBookyApplication     : Started BizzyBookyApplication in 2.871 seconds (JVM running for 4.036)
2022-10-21 15:54:05.076  INFO 4572 --- [http-nio-8080-exec-2] o.a.c.c.C.[Tomcat].[localhost].[/]       : Initializing Spring DispatcherServlet 'dispatcherServlet'
2022-10-21 15:54:05.078  INFO 4572 --- [http-nio-8080-exec-2] o.s.web.servlet.DispatcherServlet        : Initializing Servlet 'dispatcherServlet'
2022-10-21 15:54:05.081  INFO 4572 --- [http-nio-8080-exec-2] o.s.web.servlet.DispatcherServlet        : Completed initialization in 2 ms
2022-10-21 15:56:55.527  INFO 13912 --- [main] c.b.bizzybooky.BizzyBookyApplication     : Starting BizzyBookyApplication using Java 17 on DESKTOP-OG4RUAL with PID 13912 (C:\_development\BizzyBooky\target\classes started by Kev in C:\_development\BizzyBooky)
2022-10-21 15:56:55.534  INFO 13912 --- [main] c.b.bizzybooky.BizzyBookyApplication     : No active profile set, falling back to 1 default profile: "default"
2022-10-21 15:56:57.170  INFO 13912 --- [main] o.s.b.w.embedded.tomcat.TomcatWebServer  : Tomcat initialized with port(s): 8080 (http)
2022-10-21 15:56:57.185  INFO 13912 --- [main] o.apache.catalina.core.StandardService   : Starting service [Tomcat]
2022-10-21 15:56:57.186  INFO 13912 --- [main] org.apache.catalina.core.StandardEngine  : Starting Servlet engine: [Apache Tomcat/9.0.68]
2022-10-21 15:56:57.341  INFO 13912 --- [main] o.a.c.c.C.[Tomcat].[localhost].[/]       : Initializing Spring embedded WebApplicationContext
2022-10-21 15:56:57.342  INFO 13912 --- [main] w.s.c.ServletWebServerApplicationContext : Root WebApplicationContext: initialization completed in 1693 ms
2022-10-21 15:56:58.117  INFO 13912 --- [main] o.s.b.w.embedded.tomcat.TomcatWebServer  : Tomcat started on port(s): 8080 (http) with context path ''
2022-10-21 15:56:58.149  INFO 13912 --- [main] c.b.bizzybooky.BizzyBookyApplication     : Started BizzyBookyApplication in 3.487 seconds (JVM running for 4.627)
2022-10-21 15:57:12.365  INFO 13912 --- [http-nio-8080-exec-2] o.a.c.c.C.[Tomcat].[localhost].[/]       : Initializing Spring DispatcherServlet 'dispatcherServlet'
2022-10-21 15:57:12.366  INFO 13912 --- [http-nio-8080-exec-2] o.s.web.servlet.DispatcherServlet        : Initializing Servlet 'dispatcherServlet'
2022-10-21 15:57:12.368  INFO 13912 --- [http-nio-8080-exec-2] o.s.web.servlet.DispatcherServlet        : Completed initialization in 2 ms
2022-10-21 15:58:40.351  INFO 15592 --- [main] c.b.b.BizzyBookyApplicationTests         : Starting BizzyBookyApplicationTests using Java 17 on DESKTOP-OG4RUAL with PID 15592 (started by Kev in C:\_development\BizzyBooky)
2022-10-21 15:58:40.354  INFO 15592 --- [main] c.b.b.BizzyBookyApplicationTests         : No active profile set, falling back to 1 default profile: "default"
2022-10-21 15:58:45.803  INFO 15592 --- [main] c.b.b.BizzyBookyApplicationTests         : Started BizzyBookyApplicationTests in 6.481 seconds (JVM running for 8.893)
